[32minfo[39m: Request: GET /users {"timestamp":"2024-12-15T23:00:57.861Z"}
[32minfo[39m: Request: GET / {"timestamp":"2024-12-15T23:02:23.551Z"}
[32minfo[39m: Request: GET /notes {"timestamp":"2024-12-15T23:02:28.659Z"}
[32minfo[39m: Request: GET / {"timestamp":"2024-12-15T23:04:18.836Z"}
[32minfo[39m: Request: GET / {"timestamp":"2024-12-15T23:04:24.836Z"}
[32minfo[39m: Request: GET / {"timestamp":"2024-12-15T23:05:10.345Z"}
[32minfo[39m: Request: GET / {"timestamp":"2024-12-15T23:05:12.092Z"}
[32minfo[39m: Request: GET / {"timestamp":"2024-12-15T23:05:54.912Z"}
[32minfo[39m: Request: GET / {"timestamp":"2024-12-15T23:07:41.261Z"}
[32minfo[39m: Request: GET / {"timestamp":"2024-12-15T23:13:41.264Z"}
[32minfo[39m: Request: POST / {"timestamp":"2024-12-15T23:14:41.210Z"}
[32minfo[39m: Request: POST /api/notes {"timestamp":"2024-12-15T23:22:30.097Z"}
[32minfo[39m: Request: GET /api/notes {"timestamp":"2024-12-15T23:23:28.333Z"}
[32minfo[39m: Request: PUT /api/notes {"timestamp":"2024-12-15T23:26:25.547Z"}
[32minfo[39m: Request: DELETE /api/notes {"timestamp":"2024-12-15T23:26:41.587Z"}
[32minfo[39m: Request: GET /api/notes {"timestamp":"2024-12-15T23:26:46.733Z"}
[32minfo[39m: Request: POST /api/notes {"timestamp":"2024-12-15T23:36:05.346Z"}
[32minfo[39m: Request: POST /api/notes {"timestamp":"2024-12-15T23:36:18.246Z"}
[32minfo[39m: Request: POST /api/notes {"timestamp":"2024-12-15T23:39:01.674Z"}
[32minfo[39m: Request: POST /api/notes {"timestamp":"2024-12-15T23:42:51.160Z"}
[32minfo[39m: Request: POST /api/notes {"timestamp":"2024-12-15T23:42:56.860Z"}
[32minfo[39m: Request: POST /api/notes {"timestamp":"2024-12-15T23:43:12.048Z"}
[32minfo[39m: Request: GET /list {"timestamp":"2024-12-15T23:51:22.848Z"}
[32minfo[39m: Request: POST /create {"timestamp":"2024-12-15T23:51:33.017Z"}
[32minfo[39m: Request: DELETE /Dani3 {"timestamp":"2024-12-15T23:57:02.721Z"}
[32minfo[39m: Request: DELETE /Dani3 {"timestamp":"2024-12-15T23:58:17.177Z"}
[31merror[39m: ENOENT: no such file or directory, unlink 'C:\Users\User\Desktop\ES-DanielGuisado\ProyectoNotas\src\notes\Dani3.note' {"timestamp":"2024-12-15T23:58:17.179Z"}
[32minfo[39m: Request: DELETE /Dani2 {"timestamp":"2024-12-15T23:58:36.285Z"}
[32minfo[39m: Request: POST /create {"timestamp":"2024-12-16T00:00:56.232Z"}
[31merror[39m: Cannot destructure property 'name' of 'req.body.content' as it is undefined. {"timestamp":"2024-12-16T00:00:56.242Z"}
[32minfo[39m: Request: GET /list {"timestamp":"2024-12-16T00:08:02.335Z"}
[31merror[39m: Expected ':' after property name in JSON at position 42 {"timestamp":"2024-12-16T00:08:21.874Z"}
[32minfo[39m: Request: POST /create/Nota%20de%20prueba {"timestamp":"2024-12-16T00:08:43.331Z"}
[32minfo[39m: Request: POST /create/Nota%20de%20prueba {"timestamp":"2024-12-16T00:09:31.846Z"}
[32minfo[39m: Request: POST /create/Nota%20de%20prueba {"timestamp":"2024-12-16T00:10:09.168Z"}
[32minfo[39m: Request: PUT /edit/Nota%20de%20prueba {"timestamp":"2024-12-16T00:13:55.527Z"}
[32minfo[39m: Request: PUT /edit/Nota%20de%20prueba {"timestamp":"2024-12-16T00:14:13.760Z"}
[32minfo[39m: Request: PUT /edit/Nota%20de%20prueba {"timestamp":"2024-12-16T00:21:47.623Z"}
[32minfo[39m: Request: PUT /edit/Nota%20de%20prueba {"timestamp":"2024-12-16T00:25:10.530Z"}
[32minfo[39m: Request: PUT /edit/Nota%20de%20prueba {"timestamp":"2024-12-16T00:25:50.617Z"}
[32minfo[39m: Request: PUT /edit/Nota%20de%20prueba {"timestamp":"2024-12-16T00:26:16.327Z"}
[32minfo[39m: Request: PUT /edit/Nota%20de%20prueba {"timestamp":"2024-12-16T00:29:14.840Z"}
[32minfo[39m: Request: GET /list {"timestamp":"2024-12-16T00:59:29.920Z"}
[32minfo[39m: Request: GET /list {"timestamp":"2024-12-16T01:00:02.391Z"}
[32minfo[39m: Request: GET /list {"timestamp":"2024-12-16T01:03:25.593Z"}
[32minfo[39m: Request: GET /list {"timestamp":"2024-12-16T01:07:16.551Z"}
[32minfo[39m: Request: GET /list {"timestamp":"2024-12-16T01:07:56.825Z"}
[32minfo[39m: Request: GET /list {"timestamp":"2024-12-16T01:08:55.276Z"}
[32minfo[39m: Request: GET /list {"timestamp":"2024-12-16T01:09:24.738Z"}
[32minfo[39m: Request: GET /list {"timestamp":"2024-12-16T01:10:18.721Z"}
[32minfo[39m: Request: POST /create/Nota%20de%20prueba {"timestamp":"2024-12-16T01:11:31.371Z"}
